<?xml version="1.0" encoding="UTF-8"?>
<!-- Generated by org.testng.reporters.JUnitReportReporter -->
<testsuite hostname="DESKTOP-MFLS7NL" failures="0" tests="1" name="KYC_PACK.basic_cmd.second" time="8.238" errors="0" timestamp="2023-09-23T11:54:44 IST" skipped="0">
  <testcase classname="KYC_PACK.basic_cmd.second" name="testNG" time="8.238"/>
</testsuite> <!-- KYC_PACK.basic_cmd.second -->
