<?xml version="1.0" encoding="UTF-8"?>
<!-- Generated by org.testng.reporters.JUnitReportReporter -->
<testsuite hostname="DESKTOP-MFLS7NL" failures="0" tests="1" name="KYC_PACK.basic_cmd.second" time="16.553" errors="0" timestamp="2023-08-04T20:23:20 IST" skipped="0">
  <testcase classname="KYC_PACK.basic_cmd.second" name="testNG" time="16.553"/>
</testsuite> <!-- KYC_PACK.basic_cmd.second -->
