<?xml version="1.0" encoding="UTF-8"?>
<!-- Generated by org.testng.reporters.JUnitReportReporter -->
<testsuite hostname="DESKTOP-MFLS7NL" failures="0" tests="1" name="diiverCode.driverCode" time="10.018" errors="0" timestamp="2023-08-05T17:01:28 IST" skipped="0">
  <testcase classname="diiverCode.driverCode" name="startcode" time="10.018"/>
</testsuite> <!-- diiverCode.driverCode -->
