<?xml version="1.0" encoding="UTF-8"?>
<!-- Generated by org.testng.reporters.JUnitReportReporter -->
<testsuite hostname="DESKTOP-MFLS7NL" failures="0" tests="2" name="KYC_PACK.basic_cmd.basecodegoogle" time="8.532" errors="0" timestamp="2023-08-04T17:53:51 IST" skipped="0">
  <testcase classname="KYC_PACK.basic_cmd.basecodegoogle" name="getURLgoogle" time="4.293"/>
  <testcase classname="KYC_PACK.basic_cmd.basecodegoogle" name="basegoogle" time="4.239"/>
</testsuite> <!-- KYC_PACK.basic_cmd.basecodegoogle -->
